<?xml version="1.0" encoding="UTF-8"?>
<!-- Generated by org.testng.reporters.JUnitXMLReporter -->
<testsuite ignored="1" hostname="DESKTOP-95BEDQV" failures="0" tests="1" name="Default test" time="14.195" errors="0" timestamp="2024-12-05T05:25:55 IST">
  <testcase classname="Runner.TestRunnerUsingPageObjectManager" name="validateLoginType1" time="14.033"/>
  <testcase classname="Runner.TestRunnerUsingPageObjectManager" name="validateLoginType2" time="0.0">
    <ignored/>
  </testcase> <!-- validateLoginType2 -->
</testsuite> <!-- Default test -->
