<?xml version="1.0" encoding="UTF-8"?>
<testng-results ignored="1" total="2" passed="1" failed="0" skipped="0">
  <reporter-output>
  </reporter-output>
  <suite started-at="2024-12-05T05:25:40 IST" name="Default suite" finished-at="2024-12-05T05:25:55 IST" duration-ms="14195">
    <groups>
    </groups>
    <test started-at="2024-12-05T05:25:40 IST" name="Default test" finished-at="2024-12-05T05:25:55 IST" duration-ms="14195">
      <class name="Runner.TestRunnerUsingPageObjectManager">
        <test-method signature="validateLoginType1()[pri:0, instance:Runner.TestRunnerUsingPageObjectManager@72d1ad2e]" started-at="2024-12-05T05:25:41 IST" name="validateLoginType1" finished-at="2024-12-05T05:25:55 IST" duration-ms="14033" status="PASS">
          <reporter-output>
          </reporter-output>
        </test-method> <!-- validateLoginType1 -->
      </class> <!-- Runner.TestRunnerUsingPageObjectManager -->
    </test> <!-- Default test -->
  </suite> <!-- Default suite -->
</testng-results>
